20:40:26 **** Incremental Build of configuration Debug for project MainController ****
make -j8 all 
arm-none-eabi-gcc "../Core/Src/main.c" -mcpu=cortex-m4 -std=gnu11 -g3 -DDEBUG -DUSE_HAL_DRIVER -DSTM32G474xx -c -I../Core/Inc -I../Drivers/STM32G4xx_HAL_Driver/Inc -I../Drivers/STM32G4xx_HAL_Driver/Inc/Legacy -I../Drivers/CMSIS/Device/ST/STM32G4xx/Include -I../Drivers/CMSIS/Include -I../Middlewares/Third_Party/ARM_CMSIS/CMSIS/Core/Include/ -I../Middlewares/Third_Party/ARM_CMSIS/PrivateInclude/ -I../Middlewares/Third_Party/ARM_CMSIS/Include/ -I../Middlewares/Third_Party/ARM_CMSIS/Include -I"C:/Users/ppreawsr/OneDrive/Documents/GitHub/PP_ALL_V3/PP-ALL-main/Main-Controller-master/MainController/Source/BasicMathFunctions" -I"C:/Users/ppreawsr/OneDrive/Documents/GitHub/PP_ALL_V3/PP-ALL-main/Main-Controller-master/MainController/Source/CommonTables" -I"C:/Users/ppreawsr/OneDrive/Documents/GitHub/PP_ALL_V3/PP-ALL-main/Main-Controller-master/MainController/Source/FilteringFunctions" -I"C:/Users/ppreawsr/OneDrive/Documents/GitHub/PP_ALL_V3/PP-ALL-main/Main-Controller-master/MainController/Source/InterpolationFunctions" -I"C:/Users/ppreawsr/OneDrive/Documents/GitHub/PP_ALL_V3/PP-ALL-main/Main-Controller-master/MainController/Source/MatrixFunctions" -I"C:/Users/ppreawsr/OneDrive/Documents/GitHub/PP_ALL_V3/PP-ALL-main/Main-Controller-master/MainController/Source/StatisticsFunctions" -I"C:/Users/ppreawsr/OneDrive/Documents/GitHub/PP_ALL_V3/PP-ALL-main/Main-Controller-master/MainController/Source/SupportFunctions" -I"C:/Users/ppreawsr/OneDrive/Documents/GitHub/PP_ALL_V3/PP-ALL-main/Main-Controller-master/MainController/Source/TransformFunctions" -I"C:/Users/ppreawsr/OneDrive/Documents/GitHub/PP_ALL_V3/PP-ALL-main/Main-Controller-master/MainController/Source" -O0 -ffunction-sections -fdata-sections -Wall -fstack-usage -fcyclomatic-complexity -MMD -MP -MF"Core/Src/main.d" -MT"Core/Src/main.o" --specs=nano.specs -mfpu=fpv4-sp-d16 -mfloat-abi=hard -mthumb -o "Core/Src/main.o"
arm-none-eabi-gcc "../Core/Src/sysmem.c" -mcpu=cortex-m4 -std=gnu11 -g3 -DDEBUG -DUSE_HAL_DRIVER -DSTM32G474xx -c -I../Core/Inc -I../Drivers/STM32G4xx_HAL_Driver/Inc -I../Drivers/STM32G4xx_HAL_Driver/Inc/Legacy -I../Drivers/CMSIS/Device/ST/STM32G4xx/Include -I../Drivers/CMSIS/Include -I../Middlewares/Third_Party/ARM_CMSIS/CMSIS/Core/Include/ -I../Middlewares/Third_Party/ARM_CMSIS/PrivateInclude/ -I../Middlewares/Third_Party/ARM_CMSIS/Include/ -I../Middlewares/Third_Party/ARM_CMSIS/Include -I"C:/Users/ppreawsr/OneDrive/Documents/GitHub/PP_ALL_V3/PP-ALL-main/Main-Controller-master/MainController/Source/BasicMathFunctions" -I"C:/Users/ppreawsr/OneDrive/Documents/GitHub/PP_ALL_V3/PP-ALL-main/Main-Controller-master/MainController/Source/CommonTables" -I"C:/Users/ppreawsr/OneDrive/Documents/GitHub/PP_ALL_V3/PP-ALL-main/Main-Controller-master/MainController/Source/FilteringFunctions" -I"C:/Users/ppreawsr/OneDrive/Documents/GitHub/PP_ALL_V3/PP-ALL-main/Main-Controller-master/MainController/Source/InterpolationFunctions" -I"C:/Users/ppreawsr/OneDrive/Documents/GitHub/PP_ALL_V3/PP-ALL-main/Main-Controller-master/MainController/Source/MatrixFunctions" -I"C:/Users/ppreawsr/OneDrive/Documents/GitHub/PP_ALL_V3/PP-ALL-main/Main-Controller-master/MainController/Source/StatisticsFunctions" -I"C:/Users/ppreawsr/OneDrive/Documents/GitHub/PP_ALL_V3/PP-ALL-main/Main-Controller-master/MainController/Source/SupportFunctions" -I"C:/Users/ppreawsr/OneDrive/Documents/GitHub/PP_ALL_V3/PP-ALL-main/Main-Controller-master/MainController/Source/TransformFunctions" -I"C:/Users/ppreawsr/OneDrive/Documents/GitHub/PP_ALL_V3/PP-ALL-main/Main-Controller-master/MainController/Source" -O0 -ffunction-sections -fdata-sections -Wall -fstack-usage -fcyclomatic-complexity -MMD -MP -MF"Core/Src/sysmem.d" -MT"Core/Src/sysmem.o" --specs=nano.specs -mfpu=fpv4-sp-d16 -mfloat-abi=hard -mthumb -o "Core/Src/sysmem.o"
arm-none-eabi-gcc "../Core/Src/system_stm32g4xx.c" -mcpu=cortex-m4 -std=gnu11 -g3 -DDEBUG -DUSE_HAL_DRIVER -DSTM32G474xx -c -I../Core/Inc -I../Drivers/STM32G4xx_HAL_Driver/Inc -I../Drivers/STM32G4xx_HAL_Driver/Inc/Legacy -I../Drivers/CMSIS/Device/ST/STM32G4xx/Include -I../Drivers/CMSIS/Include -I../Middlewares/Third_Party/ARM_CMSIS/CMSIS/Core/Include/ -I../Middlewares/Third_Party/ARM_CMSIS/PrivateInclude/ -I../Middlewares/Third_Party/ARM_CMSIS/Include/ -I../Middlewares/Third_Party/ARM_CMSIS/Include -I"C:/Users/ppreawsr/OneDrive/Documents/GitHub/PP_ALL_V3/PP-ALL-main/Main-Controller-master/MainController/Source/BasicMathFunctions" -I"C:/Users/ppreawsr/OneDrive/Documents/GitHub/PP_ALL_V3/PP-ALL-main/Main-Controller-master/MainController/Source/CommonTables" -I"C:/Users/ppreawsr/OneDrive/Documents/GitHub/PP_ALL_V3/PP-ALL-main/Main-Controller-master/MainController/Source/FilteringFunctions" -I"C:/Users/ppreawsr/OneDrive/Documents/GitHub/PP_ALL_V3/PP-ALL-main/Main-Controller-master/MainController/Source/InterpolationFunctions" -I"C:/Users/ppreawsr/OneDrive/Documents/GitHub/PP_ALL_V3/PP-ALL-main/Main-Controller-master/MainController/Source/MatrixFunctions" -I"C:/Users/ppreawsr/OneDrive/Documents/GitHub/PP_ALL_V3/PP-ALL-main/Main-Controller-master/MainController/Source/StatisticsFunctions" -I"C:/Users/ppreawsr/OneDrive/Documents/GitHub/PP_ALL_V3/PP-ALL-main/Main-Controller-master/MainController/Source/SupportFunctions" -I"C:/Users/ppreawsr/OneDrive/Documents/GitHub/PP_ALL_V3/PP-ALL-main/Main-Controller-master/MainController/Source/TransformFunctions" -I"C:/Users/ppreawsr/OneDrive/Documents/GitHub/PP_ALL_V3/PP-ALL-main/Main-Controller-master/MainController/Source" -O0 -ffunction-sections -fdata-sections -Wall -fstack-usage -fcyclomatic-complexity -MMD -MP -MF"Core/Src/system_stm32g4xx.d" -MT"Core/Src/system_stm32g4xx.o" --specs=nano.specs -mfpu=fpv4-sp-d16 -mfloat-abi=hard -mthumb -o "Core/Src/system_stm32g4xx.o"
../Core/Src/main.c:26:10: fatal error: arm_math.h: No such file or directory
   26 | #include "arm_math.h"
      |          ^~~~~~~~~~~~
compilation terminated.
make: *** [Core/Src/subdir.mk:40: Core/Src/main.o] Error 1
make: *** Waiting for unfinished jobs....
"make -j8 all" terminated with exit code 2. Build might be incomplete.

20:40:27 Build Failed. 3 errors, 0 warnings. (took 580ms)

